<?xml version="1.0" encoding="UTF-8"?>
<!-- Generated by org.testng.reporters.JUnitXMLReporter -->
<testsuite hostname="EjiroghsMacBook.attlocal.net" name="Test" tests="5" failures="0" timestamp="6 Oct 2017 14:18:49 GMT" time="37.274" errors="0">
  <testcase name="basePageNavigation" time="11.64" classname="FinalProject.HomePage"/>
  <testcase name="basePageNavigation" time="10.8" classname="FinalProject.HomePage"/>
  <testcase name="basePageNavigation" time="6.05" classname="FinalProject.ValidateNavigationBar"/>
  <testcase name="testApp" time="0.001" classname="FinalProject.AppTest"/>
  <testcase name="basePageNavigation" time="8.747" classname="FinalProject.ValidateTitle"/>
</testsuite> <!-- Test -->
