<?xml version="1.0" encoding="UTF-8"?>
<testng-results skipped="0" failed="0" ignored="0" total="1" passed="1">
  <reporter-output>
  </reporter-output>
  <suite name="Default suite" duration-ms="3547" started-at="2017-10-21T20:03:56Z" finished-at="2017-10-21T20:04:00Z">
    <groups>
    </groups>
    <test name="Default test" duration-ms="3547" started-at="2017-10-21T20:03:56Z" finished-at="2017-10-21T20:04:00Z">
      <class name="MavenProject.MavenProjectGit.newClass">
        <test-method status="PASS" signature="intializeDriver()[pri:0, instance:MavenProject.MavenProjectGit.newClass@604ed9f0]" name="intializeDriver" duration-ms="3528" started-at="2017-10-21T16:03:56Z" finished-at="2017-10-21T16:04:00Z">
          <reporter-output>
          </reporter-output>
        </test-method> <!-- intializeDriver -->
      </class> <!-- MavenProject.MavenProjectGit.newClass -->
    </test> <!-- Default test -->
  </suite> <!-- Default suite -->
</testng-results>
